<?xml version="1.0" encoding="UTF-8"?>
<!-- Generated by org.testng.reporters.JUnitXMLReporter -->
<testsuite ignored="0" hostname="DESKTOP-1AJB1FQ" failures="0" tests="4" name="Regression Test" time="49.134" errors="0" timestamp="2025-04-29T20:02:18 IST">
  <testcase classname="TestCases.T3_RegressionTest" name="LoginTest" time="1.284"/>
  <testcase classname="TestCases.T3_RegressionTest" name="CheckInTest" time="8.462"/>
  <testcase classname="TestCases.T3_RegressionTest" name="BookingTest" time="27.229"/>
  <testcase classname="TestCases.T3_RegressionTest" name="Logout" time="6.469"/>
</testsuite> <!-- Regression Test -->
