<?xml version="1.0" encoding="UTF-8"?>
<testsuite xmlns:xsi="http://www.w3.org/2001/XMLSchema-instance" xsi:noNamespaceSchemaLocation="https://maven.apache.org/surefire/maven-surefire-plugin/xsd/surefire-test-report-3.0.xsd" version="3.0" name="TestSuite" time="84.201" tests="7" errors="0" skipped="0" failures="0">
  <properties>
[...]
</properties>
  <testcase name="LoginTest" classname="TestCases.T3_RegressionTest" time="1.286">
    <system-out><![CDATA[20:01:28.833 [main] DEBUG org.testng.TestNG -- suiteXmlPath: "C:\Users\HOSUR PS\IdeaProjects\MainProject\testng.xml"
20:01:29.336 [main] DEBUG io.github.bonigarcia.wdm.WebDriverManager -- Using WebDriverManager 5.9.2
20:01:29.713 [main] DEBUG io.github.bonigarcia.wdm.cache.ResolutionCache -- Resolution edge=135 in cache (valid until 20:27:04 29/04/2025 IST)
20:01:29.714 [main] DEBUG io.github.bonigarcia.wdm.cache.ResolutionCache -- Resolution edge135=135.0.3179.98 in cache (valid until 19:27:04 30/04/2025 IST)
20:01:29.715 [main] INFO io.github.bonigarcia.wdm.WebDriverManager -- Using msedgedriver 135.0.3179.98 (resolved driver for Edge 135)
20:01:29.758 [main] DEBUG io.github.bonigarcia.wdm.WebDriverManager -- Driver msedgedriver 135.0.3179.98 found in cache
20:01:29.759 [main] INFO io.github.bonigarcia.wdm.WebDriverManager -- Exporting webdriver.edge.driver as C:\Users\HOSUR PS\.cache\selenium\msedgedriver\win64\135.0.3179.98\msedgedriver.exe
]]></system-out>
    <system-err><![CDATA[Apr 29, 2025 8:01:31 PM org.openqa.selenium.devtools.CdpVersionFinder findNearestMatch
WARNING: Unable to find an exact match for CDP version 135, returning the closest version; found: 131; Please update to a Selenium version that supports CDP version 135
]]></system-err>
  </testcase>
  <testcase name="CheckInTest" classname="TestCases.T3_RegressionTest" time="8.463"/>
  <testcase name="BookingTest" classname="TestCases.T3_RegressionTest" time="27.228"/>
  <testcase name="Logout" classname="TestCases.T3_RegressionTest" time="6.472">
    <system-out><![CDATA[Logged Out Successfully
]]></system-out>
    <system-err><![CDATA[Apr 29, 2025 8:02:17 PM org.openqa.selenium.remote.http.WebSocket$Listener onError
WARNING: Connection reset
java.net.SocketException: Connection reset
	at java.base/sun.nio.ch.SocketChannelImpl.throwConnectionReset(SocketChannelImpl.java:394)
	at java.base/sun.nio.ch.SocketChannelImpl.read(SocketChannelImpl.java:426)
	at java.net.http/jdk.internal.net.http.SocketTube.readAvailable(SocketTube.java:1170)
	at java.net.http/jdk.internal.net.http.SocketTube$InternalReadPublisher$InternalReadSubscription.read(SocketTube.java:833)
	at java.net.http/jdk.internal.net.http.SocketTube$SocketFlowTask.run(SocketTube.java:181)
	at java.net.http/jdk.internal.net.http.common.SequentialScheduler$SchedulableTask.run(SequentialScheduler.java:230)
	at java.net.http/jdk.internal.net.http.common.SequentialScheduler.runOrSchedule(SequentialScheduler.java:303)
	at java.net.http/jdk.internal.net.http.common.SequentialScheduler.runOrSchedule(SequentialScheduler.java:256)
	at java.net.http/jdk.internal.net.http.SocketTube$InternalReadPublisher$InternalReadSubscription.signalReadable(SocketTube.java:774)
	at java.net.http/jdk.internal.net.http.SocketTube$InternalReadPublisher$ReadEvent.signalEvent(SocketTube.java:957)
	at java.net.http/jdk.internal.net.http.SocketTube$SocketFlowEvent.handle(SocketTube.java:253)
	at java.net.http/jdk.internal.net.http.HttpClientImpl$SelectorManager.handleEvent(HttpClientImpl.java:982)
	at java.net.http/jdk.internal.net.http.HttpClientImpl$SelectorManager.lambda$run$3(HttpClientImpl.java:937)
	at java.base/java.util.ArrayList.forEach(ArrayList.java:1511)
	at java.net.http/jdk.internal.net.http.HttpClientImpl$SelectorManager.run(HttpClientImpl.java:937)

]]></system-err>
  </testcase>
  <testcase name="CSLoginTest" classname="TestCases.T4_CancelBookingTest" time="1.2">
    <system-out><![CDATA[20:02:18.451 [main] DEBUG io.github.bonigarcia.wdm.WebDriverManager -- Using WebDriverManager 5.9.2
20:02:18.465 [main] DEBUG io.github.bonigarcia.wdm.cache.ResolutionCache -- Resolution edge=135 in cache (valid until 20:27:04 29/04/2025 IST)
20:02:18.466 [main] DEBUG io.github.bonigarcia.wdm.cache.ResolutionCache -- Resolution edge135=135.0.3179.98 in cache (valid until 19:27:04 30/04/2025 IST)
20:02:18.466 [main] INFO io.github.bonigarcia.wdm.WebDriverManager -- Using msedgedriver 135.0.3179.98 (resolved driver for Edge 135)
20:02:18.490 [main] DEBUG io.github.bonigarcia.wdm.WebDriverManager -- Driver msedgedriver 135.0.3179.98 found in cache
20:02:18.491 [main] INFO io.github.bonigarcia.wdm.WebDriverManager -- Exporting webdriver.edge.driver as C:\Users\HOSUR PS\.cache\selenium\msedgedriver\win64\135.0.3179.98\msedgedriver.exe
]]></system-out>
    <system-err><![CDATA[Apr 29, 2025 8:02:19 PM org.openqa.selenium.devtools.CdpVersionFinder findNearestMatch
WARNING: Unable to find an exact match for CDP version 135, returning the closest version; found: 131; Please update to a Selenium version that supports CDP version 135
]]></system-err>
  </testcase>
  <testcase name="CSCancelBooking" classname="TestCases.T4_CancelBookingTest" time="24.045"/>
  <testcase name="CSInvalidLoginTest" classname="TestCases.T2_CSInvalidLoginTest" time="0.849">
    <system-out><![CDATA[20:02:47.076 [main] DEBUG io.github.bonigarcia.wdm.WebDriverManager -- Using WebDriverManager 5.9.2
20:02:47.086 [main] DEBUG io.github.bonigarcia.wdm.cache.ResolutionCache -- Resolution edge=135 in cache (valid until 20:27:04 29/04/2025 IST)
20:02:47.087 [main] DEBUG io.github.bonigarcia.wdm.cache.ResolutionCache -- Resolution edge135=135.0.3179.98 in cache (valid until 19:27:04 30/04/2025 IST)
20:02:47.087 [main] INFO io.github.bonigarcia.wdm.WebDriverManager -- Using msedgedriver 135.0.3179.98 (resolved driver for Edge 135)
20:02:47.107 [main] DEBUG io.github.bonigarcia.wdm.WebDriverManager -- Driver msedgedriver 135.0.3179.98 found in cache
20:02:47.107 [main] INFO io.github.bonigarcia.wdm.WebDriverManager -- Exporting webdriver.edge.driver as C:\Users\HOSUR PS\.cache\selenium\msedgedriver\win64\135.0.3179.98\msedgedriver.exe
Registration is Unsuccessfull
Screenshot saved successfully: C:\Users\HOSUR PS\IdeaProjects\MainProject\CSSnaps\null_20250429_200251.png
]]></system-out>
    <system-err><![CDATA[Apr 29, 2025 8:02:48 PM org.openqa.selenium.devtools.CdpVersionFinder findNearestMatch
WARNING: Unable to find an exact match for CDP version 135, returning the closest version; found: 131; Please update to a Selenium version that supports CDP version 135
]]></system-err>
  </testcase>
</testsuite>