<?xml version="1.0" encoding="UTF-8"?>
<!-- Generated by org.testng.reporters.JUnitReportReporter -->
<testsuite hostname="DESKTOP-1AJB1FQ" failures="0" tests="4" name="TestCases.T3_RegressionTest" time="43.444" errors="0" timestamp="2025-04-29T20:02:52 IST" skipped="0">
  <testcase classname="TestCases.T3_RegressionTest" name="LoginTest" time="1.284"/>
  <testcase classname="TestCases.T3_RegressionTest" name="CheckInTest" time="8.462"/>
  <testcase classname="TestCases.T3_RegressionTest" name="BookingTest" time="27.229"/>
  <testcase classname="TestCases.T3_RegressionTest" name="Logout" time="6.469"/>
</testsuite> <!-- TestCases.T3_RegressionTest -->
