<?xml version="1.0" encoding="UTF-8"?>
<!-- Generated by org.testng.reporters.JUnitReportReporter -->
<testsuite hostname="DESKTOP-1AJB1FQ" failures="0" tests="2" name="TestCases.T4_CancelBookingTest" time="25.247" errors="0" timestamp="2025-04-29T20:02:52 IST" skipped="0">
  <testcase classname="TestCases.T4_CancelBookingTest" name="CSLoginTest" time="1.202"/>
  <testcase classname="TestCases.T4_CancelBookingTest" name="CSCancelBooking" time="24.045"/>
</testsuite> <!-- TestCases.T4_CancelBookingTest -->
